<?xml version="1.0" encoding="UTF-8"?>
<testsuite name="one.digital.innovation.junit.AssumptionsTeste" tests="1" skipped="1" failures="0" errors="0" timestamp="2022-11-01T15:37:41" hostname="ARTHUR-ART" time="0.001">
  <properties/>
  <testcase name="validarSomenteSeOUserForArthur()" classname="one.digital.innovation.junit.AssumptionsTeste" time="0.001">
    <skipped/>
  </testcase>
  <system-out><![CDATA[]]></system-out>
  <system-err><![CDATA[]]></system-err>
</testsuite>
