<?xml version="1.0" encoding="UTF-8"?>
<testsuite name="one.digital.innovation.junit.PessoaTest" tests="1" skipped="0" failures="0" errors="0" timestamp="2022-10-31T22:15:33" hostname="ARTHUR-ART" time="0.025">
  <properties/>
  <testcase name="validarCalculoIdade()" classname="one.digital.innovation.junit.PessoaTest" time="0.025"/>
  <system-out><![CDATA[]]></system-out>
  <system-err><![CDATA[]]></system-err>
</testsuite>
